gplink-1.2.0 #998 (Nov 28 2013)
Copyright (c) 1998-2013 gputils project
Listing File Generated: 12-1-2013  20:18:51
 
 
Address  Value    Disassembly              Source
-------  -----    -----------              ------
                                           ;--------------------------------------------------------
                                           ; File Created by SDCC : free open source ANSI-C Compiler
                                           ; Version 3.3.1 #8898 (Nov 28 2013) (Linux)
                                           ; This file was generated Sun Dec  1 20:18:51 2013
                                           ;--------------------------------------------------------
                                           ; PIC port for the 14-bit core
                                           ;--------------------------------------------------------
                                           ;	.file	"blinking-led.c"
                                           	list	p=16f690
                                           	radix dec
                                           	include "p16f690.inc"
                                                   LIST
                                           
                                           ;==========================================================================
                                           ;  MPASM PIC16F690 processor include
                                           ; 
                                           ;  (c) Copyright 1999-2013 Microchip Technology, All rights reserved
                                           ;==========================================================================
                                           
                                                   NOLIST
                                           ;--------------------------------------------------------
                                           ; config word(s)
                                           ;--------------------------------------------------------
002007   30d4     movlw   0xd4             	__config 0x30d4
                                           ;--------------------------------------------------------
                                           ; external declarations
                                           ;--------------------------------------------------------
                                           	extern	_STATUSbits
                                           	extern	_PORTAbits
                                           	extern	_PORTBbits
                                           	extern	_PORTCbits
                                           	extern	_INTCONbits
                                           	extern	_PIR1bits
                                           	extern	_PIR2bits
                                           	extern	_T1CONbits
                                           	extern	_T2CONbits
                                           	extern	_SSPCONbits
                                           	extern	_CCP1CONbits
                                           	extern	_RCSTAbits
                                           	extern	_PWM1CONbits
                                           	extern	_ECCPASbits
                                           	extern	_ADCON0bits
                                           	extern	_OPTION_REGbits
                                           	extern	_TRISAbits
                                           	extern	_TRISBbits
                                           	extern	_TRISCbits
                                           	extern	_PIE1bits
                                           	extern	_PIE2bits
                                           	extern	_PCONbits
                                           	extern	_OSCCONbits
                                           	extern	_OSCTUNEbits
                                           	extern	_MSKbits
                                           	extern	_SSPMSKbits
                                           	extern	_SSPSTATbits
                                           	extern	_WPUbits
                                           	extern	_WPUAbits
                                           	extern	_IOCbits
                                           	extern	_IOCAbits
                                           	extern	_WDTCONbits
                                           	extern	_TXSTAbits
                                           	extern	_SPBRGbits
                                           	extern	_SPBRGHbits
                                           	extern	_BAUDCTLbits
                                           	extern	_ADCON1bits
                                           	extern	_WPUBbits
                                           	extern	_IOCBbits
                                           	extern	_VRCONbits
                                           	extern	_CM1CON0bits
                                           	extern	_CM2CON0bits
                                           	extern	_CM2CON1bits
                                           	extern	_ANSELbits
                                           	extern	_ANSELHbits
                                           	extern	_EECON1bits
                                           	extern	_PSTRCONbits
                                           	extern	_SRCONbits
                                           	extern	_INDF
                                           	extern	_TMR0
                                           	extern	_PCL
                                           	extern	_STATUS
                                           	extern	_FSR
                                           	extern	_PORTA
                                           	extern	_PORTB
                                           	extern	_PORTC
                                           	extern	_PCLATH
                                           	extern	_INTCON
                                           	extern	_PIR1
                                           	extern	_PIR2
                                           	extern	_TMR1
                                           	extern	_TMR1L
                                           	extern	_TMR1H
                                           	extern	_T1CON
                                           	extern	_TMR2
                                           	extern	_T2CON
                                           	extern	_SSPBUF
                                           	extern	_SSPCON
                                           	extern	_CCPR
                                           	extern	_CCPR1L
                                           	extern	_CCPR1H
                                           	extern	_CCP1CON
                                           	extern	_RCSTA
                                           	extern	_TXREG
                                           	extern	_RCREG
                                           	extern	_PWM1CON
                                           	extern	_ECCPAS
                                           	extern	_ADRESH
                                           	extern	_ADCON0
                                           	extern	_OPTION_REG
                                           	extern	_TRISA
                                           	extern	_TRISB
                                           	extern	_TRISC
                                           	extern	_PIE1
                                           	extern	_PIE2
                                           	extern	_PCON
                                           	extern	_OSCCON
                                           	extern	_OSCTUNE
                                           	extern	_PR2
                                           	extern	_MSK
                                           	extern	_SSPADD
                                           	extern	_SSPMSK
                                           	extern	_SSPSTAT
                                           	extern	_WPU
                                           	extern	_WPUA
                                           	extern	_IOC
                                           	extern	_IOCA
                                           	extern	_WDTCON
                                           	extern	_TXSTA
                                           	extern	_SPBRG
                                           	extern	_SPBRGH
                                           	extern	_BAUDCTL
                                           	extern	_ADRESL
                                           	extern	_ADCON1
                                           	extern	_EEDAT
                                           	extern	_EEDATA
                                           	extern	_EEADR
                                           	extern	_EEDATH
                                           	extern	_EEADRH
                                           	extern	_WPUB
                                           	extern	_IOCB
                                           	extern	_VRCON
                                           	extern	_CM1CON0
                                           	extern	_CM2CON0
                                           	extern	_CM2CON1
                                           	extern	_ANSEL
                                           	extern	_ANSELH
                                           	extern	_EECON1
                                           	extern	_EECON2
                                           	extern	_PSTRCON
                                           	extern	_SRCON
                                           	extern	___sdcc_saved_fsr
                                           	extern	__sdcc_gsinit_startup
                                           ;--------------------------------------------------------
                                           ; global declarations
                                           ;--------------------------------------------------------
                                           	global	_spin
                                           	global	_isr
                                           	global	_main
                                           	global	_led
                                           
                                           	global PSAVE
                                           	global SSAVE
                                           	global WSAVE
                                           	global STK04
                                           	global STK03
                                           	global STK02
                                           	global STK01
                                           	global STK00
                                           
                                           sharebank udata_ovr 0x0070
                                           PSAVE	res 1
                                           SSAVE	res 1
                                           WSAVE	res 1
                                           STK04	res 1
                                           STK03	res 1
                                           STK02	res 1
                                           STK01	res 1
                                           STK00	res 1
                                           
                                           ;--------------------------------------------------------
                                           ; global definitions
                                           ;--------------------------------------------------------
                                           ;--------------------------------------------------------
                                           ; absolute symbol definitions
                                           ;--------------------------------------------------------
                                           ;--------------------------------------------------------
                                           ; compiler-defined variables
                                           ;--------------------------------------------------------
                                           UDL_blinking_led_0	udata
                                           r0x1006	res	1
                                           r0x1005	res	1
                                           r0x1004	res	1
                                           r0x1003	res	1
                                           r0x1007	res	1
                                           r0x1008	res	1
                                           r0x1009	res	1
                                           r0x100A	res	1
                                           r0x100B	res	1
                                           ;--------------------------------------------------------
                                           ; initialized data
                                           ;--------------------------------------------------------
                                           
                                           ID_blinking_led_0	idata
                                           _led
                                           	db	0x00, 0x00
                                           
                                           ;--------------------------------------------------------
                                           ; overlayable items in internal ram 
                                           ;--------------------------------------------------------
                                           ;	udata_ovr
                                           ;--------------------------------------------------------
                                           ; reset vector 
                                           ;--------------------------------------------------------
                                           STARTUP	code 0x0000
000000   0000     nop                      	nop
000001   118a     bcf     0xa, 0x3         	pagesel __sdcc_gsinit_startup
000002   283f     goto    0x3f             	goto	__sdcc_gsinit_startup
                                           ;--------------------------------------------------------
                                           ; interrupt and initialization code
                                           ;--------------------------------------------------------
                                           c_interrupt	code	0x4
                                           __sdcc_interrupt
                                           ;***
                                           ;  pBlock Stats: dbName = I
                                           ;***
                                           ;entry:  _isr	;Function start
                                           ; 0 exit points
                                           ;1 compiler assigned register :
                                           ;   r0x100B
                                           ;; Starting pCode block
                                           _isr	;Function start
                                           ; 0 exit points
                                           ;	.line	24; "blinking-led.c"	void isr(void) __interrupt 0
000004   00f2     movwf   0x72             	MOVWF	WSAVE
000005   0e03     swapf   0x3, w           	SWAPF	STATUS,W
000006   0183     clrf    0x3              	CLRF	STATUS
000007   00f1     movwf   0x71             	MOVWF	SSAVE
000008   080a     movf    0xa, w           	MOVF	PCLATH,W
000009   018a     clrf    0xa              	CLRF	PCLATH
00000a   00f0     movwf   0x70             	MOVWF	PSAVE
00000b   0804     movf    0x4, w           	MOVF	FSR,W
00000c   1283     bcf     0x3, 0x5         	BANKSEL	___sdcc_saved_fsr
00000d   1303     bcf     0x3, 0x6         
00000e   00b7     movwf   0x37             	MOVWF	___sdcc_saved_fsr
                                           ;	.line	26; "blinking-led.c"	T0IF = 0;
00000f   1283     bcf     0x3, 0x5         	BANKSEL	_INTCONbits
000010   1303     bcf     0x3, 0x6         
000011   110b     bcf     0xb, 0x2         	BCF	_INTCONbits,2
                                           ;	.line	28; "blinking-led.c"	RC0 = led;
000012   1283     bcf     0x3, 0x5         	BANKSEL	_led
000013   1303     bcf     0x3, 0x6         
000014   0835     movf    0x35, w          	MOVF	_led,W
000015   1283     bcf     0x3, 0x5         	BANKSEL	r0x100B
000016   1303     bcf     0x3, 0x6         
000017   00b4     movwf   0x34             	MOVWF	r0x100B
000018   0c34     rrf     0x34, w          	RRF	r0x100B,W
000019   1803     btfsc   0x3, 0           	BTFSC	STATUS,0
00001a   281e     goto    0x1e             	GOTO	_00001_DS_
00001b   1283     bcf     0x3, 0x5         	BANKSEL	_PORTCbits
00001c   1303     bcf     0x3, 0x6         
00001d   1007     bcf     0x7, 0           	BCF	_PORTCbits,0
                                           _00001_DS_
00001e   1c03     btfss   0x3, 0           	BTFSS	STATUS,0
00001f   2823     goto    0x23             	GOTO	_00002_DS_
000020   1283     bcf     0x3, 0x5         	BANKSEL	_PORTCbits
000021   1303     bcf     0x3, 0x6         
000022   1407     bsf     0x7, 0           	BSF	_PORTCbits,0
                                           _00002_DS_
                                           ;	.line	29; "blinking-led.c"	if (led) { led = 0; } else { led = 1; }
000023   1283     bcf     0x3, 0x5         	BANKSEL	_led
000024   1303     bcf     0x3, 0x6         
000025   0835     movf    0x35, w          	MOVF	_led,W
000026   0436     iorwf   0x36, w          	IORWF	(_led + 1),W
000027   1903     btfsc   0x3, 0x2         	BTFSC	STATUS,2
000028   282c     goto    0x2c             	GOTO	_00111_DS_
000029   01b5     clrf    0x35             	CLRF	_led
00002a   01b6     clrf    0x36             	CLRF	(_led + 1)
00002b   2831     goto    0x31             	GOTO	_00113_DS_
                                           _00111_DS_
00002c   3001     movlw   0x1              	MOVLW	0x01
00002d   1283     bcf     0x3, 0x5         	BANKSEL	_led
00002e   1303     bcf     0x3, 0x6         
00002f   00b5     movwf   0x35             	MOVWF	_led
000030   01b6     clrf    0x36             	CLRF	(_led + 1)
                                           _00113_DS_
000031   1283     bcf     0x3, 0x5         	BANKSEL	___sdcc_saved_fsr
000032   1303     bcf     0x3, 0x6         
000033   0837     movf    0x37, w          	MOVF	___sdcc_saved_fsr,W
000034   1283     bcf     0x3, 0x5         	BANKSEL	FSR
000035   1303     bcf     0x3, 0x6         
000036   0084     movwf   0x4              	MOVWF	FSR
000037   0870     movf    0x70, w          	MOVF	PSAVE,W
000038   008a     movwf   0xa              	MOVWF	PCLATH
000039   0183     clrf    0x3              	CLRF	STATUS
00003a   0e71     swapf   0x71, w          	SWAPF	SSAVE,W
00003b   0083     movwf   0x3              	MOVWF	STATUS
00003c   0ef2     swapf   0x72, f          	SWAPF	WSAVE,F
00003d   0e72     swapf   0x72, w          	SWAPF	WSAVE,W
                                           END_OF_INTERRUPT
00003e   0009     retfie                   	RETFIE	
                                           
                                           ;--------------------------------------------------------
                                           ; code
                                           ;--------------------------------------------------------
                                           code_blinking_led	code
                                           ;***
                                           ;  pBlock Stats: dbName = M
                                           ;***
                                           ;entry:  _main	;Function start
                                           ; 2 exit points
                                           ;has an exit
                                           ;; Starting pCode block
                                           _main	;Function start
                                           ; 2 exit points
                                           ;	.line	35; "blinking-led.c"	SCS = 1;
0000db   1683     bsf     0x3, 0x5         	BANKSEL	_OSCCONbits
0000dc   1303     bcf     0x3, 0x6         
0000dd   140f     bsf     0xf, 0           	BSF	_OSCCONbits,0
                                           ;	.line	37; "blinking-led.c"	IRCF2 = 1; IRCF1 = 1; IRCF0 = 1;
0000de   170f     bsf     0xf, 0x6         	BSF	_OSCCONbits,6
0000df   168f     bsf     0xf, 0x5         	BSF	_OSCCONbits,5
0000e0   160f     bsf     0xf, 0x4         	BSF	_OSCCONbits,4
                                           ;	.line	39; "blinking-led.c"	ANSEL = 0x00;
0000e1   1283     bcf     0x3, 0x5         	BANKSEL	_ANSEL
0000e2   1703     bsf     0x3, 0x6         
0000e3   019e     clrf    0x1e             	CLRF	_ANSEL
                                           ;	.line	40; "blinking-led.c"	ANSELH = 0x00;
0000e4   019f     clrf    0x1f             	CLRF	_ANSELH
                                           ;	.line	43; "blinking-led.c"	TRISC = 0x00;
0000e5   1683     bsf     0x3, 0x5         	BANKSEL	_TRISC
0000e6   1303     bcf     0x3, 0x6         
0000e7   0187     clrf    0x7              	CLRF	_TRISC
                                           ;	.line	44; "blinking-led.c"	PORTC = 0x00;
0000e8   1283     bcf     0x3, 0x5         	BANKSEL	_PORTC
0000e9   1303     bcf     0x3, 0x6         
0000ea   0187     clrf    0x7              	CLRF	_PORTC
                                           ;	.line	47; "blinking-led.c"	T0CS = 0;
0000eb   1683     bsf     0x3, 0x5         	BANKSEL	_OPTION_REGbits
0000ec   1303     bcf     0x3, 0x6         
0000ed   1281     bcf     0x1, 0x5         	BCF	_OPTION_REGbits,5
                                           ;	.line	49; "blinking-led.c"	TMR0 = 0;
0000ee   1283     bcf     0x3, 0x5         	BANKSEL	_TMR0
0000ef   1303     bcf     0x3, 0x6         
0000f0   0181     clrf    0x1              	CLRF	_TMR0
                                           ;	.line	52; "blinking-led.c"	PSA = 0;
0000f1   1683     bsf     0x3, 0x5         	BANKSEL	_OPTION_REGbits
0000f2   1303     bcf     0x3, 0x6         
0000f3   1181     bcf     0x1, 0x3         	BCF	_OPTION_REGbits,3
                                           ;	.line	54; "blinking-led.c"	PS2 = 1; PS1 = 1; PS0 = 0;
0000f4   1501     bsf     0x1, 0x2         	BSF	_OPTION_REGbits,2
0000f5   1481     bsf     0x1, 0x1         	BSF	_OPTION_REGbits,1
0000f6   1001     bcf     0x1, 0           	BCF	_OPTION_REGbits,0
                                           ;	.line	57; "blinking-led.c"	T0IE = 1;
0000f7   1283     bcf     0x3, 0x5         	BANKSEL	_INTCONbits
0000f8   1303     bcf     0x3, 0x6         
0000f9   168b     bsf     0xb, 0x5         	BSF	_INTCONbits,5
                                           ;	.line	59; "blinking-led.c"	GIE = 1;
0000fa   178b     bsf     0xb, 0x7         	BSF	_INTCONbits,7
                                           _00120_DS_
0000fb   28fb     goto    0xfb             	GOTO	_00120_DS_
0000fc   0008     return                   	RETURN	
                                           ; exit point of _main
                                           
                                           ;***
                                           ;  pBlock Stats: dbName = C
                                           ;***
                                           ;entry:  _spin	;Function start
                                           ; 2 exit points
                                           ;has an exit
                                           ;11 compiler assigned registers:
                                           ;   r0x1003
                                           ;   STK00
                                           ;   r0x1004
                                           ;   STK01
                                           ;   r0x1005
                                           ;   STK02
                                           ;   r0x1006
                                           ;   r0x1007
                                           ;   r0x1008
                                           ;   r0x1009
                                           ;   r0x100A
                                           ;; Starting pCode block
                                           _spin	;Function start
                                           ; 2 exit points
                                           ;	.line	18; "blinking-led.c"	void spin(uint32_t cnt) {
0000fd   1283     bcf     0x3, 0x5         	BANKSEL	r0x1003
0000fe   1303     bcf     0x3, 0x6         
0000ff   00af     movwf   0x2f             	MOVWF	r0x1003
000100   0877     movf    0x77, w          	MOVF	STK00,W
000101   00ae     movwf   0x2e             	MOVWF	r0x1004
000102   0876     movf    0x76, w          	MOVF	STK01,W
000103   00ad     movwf   0x2d             	MOVWF	r0x1005
000104   0875     movf    0x75, w          	MOVF	STK02,W
000105   00ac     movwf   0x2c             	MOVWF	r0x1006
                                           _00105_DS_
                                           ;	.line	19; "blinking-led.c"	while (cnt-- > 0) { }
000106   1283     bcf     0x3, 0x5         	BANKSEL	r0x1006
000107   1303     bcf     0x3, 0x6         
000108   082c     movf    0x2c, w          	MOVF	r0x1006,W
000109   00b0     movwf   0x30             	MOVWF	r0x1007
00010a   082d     movf    0x2d, w          	MOVF	r0x1005,W
00010b   00b1     movwf   0x31             	MOVWF	r0x1008
00010c   082e     movf    0x2e, w          	MOVF	r0x1004,W
00010d   00b2     movwf   0x32             	MOVWF	r0x1009
00010e   082f     movf    0x2f, w          	MOVF	r0x1003,W
00010f   00b3     movwf   0x33             	MOVWF	r0x100A
000110   30ff     movlw   0xff             	MOVLW	0xff
000111   07ac     addwf   0x2c, f          	ADDWF	r0x1006,F
000112   30ff     movlw   0xff             	MOVLW	0xff
000113   1c03     btfss   0x3, 0           	BTFSS	STATUS,0
000114   07ad     addwf   0x2d, f          	ADDWF	r0x1005,F
000115   30ff     movlw   0xff             	MOVLW	0xff
000116   1c03     btfss   0x3, 0           	BTFSS	STATUS,0
000117   07ae     addwf   0x2e, f          	ADDWF	r0x1004,F
000118   30ff     movlw   0xff             	MOVLW	0xff
000119   1c03     btfss   0x3, 0           	BTFSS	STATUS,0
00011a   07af     addwf   0x2f, f          	ADDWF	r0x1003,F
00011b   0830     movf    0x30, w          	MOVF	r0x1007,W
00011c   0431     iorwf   0x31, w          	IORWF	r0x1008,W
00011d   0432     iorwf   0x32, w          	IORWF	r0x1009,W
00011e   0433     iorwf   0x33, w          	IORWF	r0x100A,W
00011f   1d03     btfss   0x3, 0x2         	BTFSS	STATUS,2
000120   2906     goto    0x106            	GOTO	_00105_DS_
000121   0008     return                   	RETURN	
                                           ; exit point of _spin
                                           
                                           
                                           ;	code size estimation:
                                           ;	   90+   20 =   110 instructions (  260 byte)
                                           
                                           	end
                                                   LIST
                                           
                                           ;==========================================================================
                                           ;  MPASM PIC16F877 processor include
                                           ; 
                                           ;  (c) Copyright 1999-2013 Microchip Technology, All rights reserved
                                           ;==========================================================================
                                           
                                                   NOLIST
                                                   LIST
                                           
                                           ;==========================================================================
                                           ;  MPASM PIC16F877 processor include
                                           ; 
                                           ;  (c) Copyright 1999-2013 Microchip Technology, All rights reserved
                                           ;==========================================================================
                                           
                                                   NOLIST
                                                   LIST
                                           
                                           ;==========================================================================
                                           ;  MPASM PIC16F690 processor include
                                           ; 
                                           ;  (c) Copyright 1999-2013 Microchip Technology, All rights reserved
                                           ;==========================================================================
                                           
                                                   NOLIST
