gplink-1.2.0 #998 (Nov 28 2013)
Copyright (c) 1998-2013 gputils project
Listing File Generated: 12-2-2013  18:57:35
 
 
Address  Value    Disassembly              Source
-------  -----    -----------              ------
                                           ;--------------------------------------------------------
                                           ; File Created by SDCC : free open source ANSI-C Compiler
                                           ; Version 3.3.1 #8898 (Nov 28 2013) (Linux)
                                           ; This file was generated Mon Dec  2 18:57:35 2013
                                           ;--------------------------------------------------------
                                           ; PIC port for the 14-bit core
                                           ;--------------------------------------------------------
                                           ;	.file	"empty.c"
                                           	list	p=16f690
                                           	radix dec
                                           	include "p16f690.inc"
                                                   LIST
                                           
                                           ;==========================================================================
                                           ;  MPASM PIC16F690 processor include
                                           ; 
                                           ;  (c) Copyright 1999-2013 Microchip Technology, All rights reserved
                                           ;==========================================================================
                                           
                                                   NOLIST
                                           ;--------------------------------------------------------
                                           ; external declarations
                                           ;--------------------------------------------------------
                                           	extern	__sdcc_gsinit_startup
                                           ;--------------------------------------------------------
                                           ; global declarations
                                           ;--------------------------------------------------------
                                           	global	_main
                                           
                                           	global PSAVE
                                           	global SSAVE
                                           	global WSAVE
                                           	global STK04
                                           	global STK03
                                           	global STK02
                                           	global STK01
                                           	global STK00
                                           
                                           sharebank udata_ovr 0x0070
                                           PSAVE	res 1
                                           SSAVE	res 1
                                           WSAVE	res 1
                                           STK04	res 1
                                           STK03	res 1
                                           STK02	res 1
                                           STK01	res 1
                                           STK00	res 1
                                           
                                           ;--------------------------------------------------------
                                           ; global definitions
                                           ;--------------------------------------------------------
                                           ;--------------------------------------------------------
                                           ; absolute symbol definitions
                                           ;--------------------------------------------------------
                                           ;--------------------------------------------------------
                                           ; compiler-defined variables
                                           ;--------------------------------------------------------
                                           ;--------------------------------------------------------
                                           ; initialized data
                                           ;--------------------------------------------------------
                                           ;--------------------------------------------------------
                                           ; overlayable items in internal ram 
                                           ;--------------------------------------------------------
                                           ;	udata_ovr
                                           ;--------------------------------------------------------
                                           ; reset vector 
                                           ;--------------------------------------------------------
                                           STARTUP	code 0x0000
000000   0000     nop                      	nop
000001   118a     bcf     0xa, 0x3         	pagesel __sdcc_gsinit_startup
000002   2803     goto    0x3              	goto	__sdcc_gsinit_startup
                                           ;--------------------------------------------------------
                                           ; code
                                           ;--------------------------------------------------------
                                           code_empty	code
                                           ;***
                                           ;  pBlock Stats: dbName = M
                                           ;***
                                           ;entry:  _main	;Function start
                                           ; 2 exit points
                                           ;has an exit
                                           ;; Starting pCode block
                                           _main	;Function start
                                           ; 2 exit points
                                           ;	.line	3; "empty.c"	}
0000db   0008     return                   	RETURN	
                                           ; exit point of _main
                                           
                                           
                                           ;	code size estimation:
                                           ;	    1+    0 =     1 instructions (    2 byte)
                                           
                                           	end
                                                   LIST
                                           
                                           ;==========================================================================
                                           ;  MPASM PIC16F877 processor include
                                           ; 
                                           ;  (c) Copyright 1999-2013 Microchip Technology, All rights reserved
                                           ;==========================================================================
                                           
                                                   NOLIST
                                                   LIST
                                           
                                           ;==========================================================================
                                           ;  MPASM PIC16F690 processor include
                                           ; 
                                           ;  (c) Copyright 1999-2013 Microchip Technology, All rights reserved
                                           ;==========================================================================
                                           
                                                   NOLIST
